{"name": "test_sub1", "status": "failed", "statusDetails": {"message": "AssertionError: assert (3 + 3) == 0", "trace": "@pytest.mark.smoke\n    def test_sub1():\n>       assert 3 + 3 == 0\nE       assert (3 + 3) == 0\n\nsrc/Oct/test_Lab176.py:19: AssertionError"}, "start": 1728353702915, "stop": 1728353702915, "uuid": "943ae7af-4ca2-4d39-bff4-8cf32145f0b8", "historyId": "984efe5e305bd5a3e4e6d5f5b29d72c5", "testCaseId": "984efe5e305bd5a3e4e6d5f5b29d72c5", "fullName": "src.Oct.test_Lab176#test_sub1", "labels": [{"name": "tag", "value": "smoke"}, {"name": "parentSuite", "value": "src.Oct"}, {"name": "suite", "value": "test_Lab176"}, {"name": "host", "value": "promodes-MacBook-Pro.local"}, {"name": "thread", "value": "35097-MainThread"}, {"name": "framework", "value": "pytest"}, {"name": "language", "value": "cpython3"}, {"name": "package", "value": "src.Oct.test_Lab176"}]}